[2021-12-19 20:29:45,720] logger_util.py->logs line:73 [INFO] ----------接口测试开始----------
[2021-12-19 20:29:45,722] logger_util.py->logs line:73 [INFO] 接口名称：查询网易新闻
[2021-12-19 20:29:45,722] logger_util.py->logs line:73 [INFO] 请求方式：post
[2021-12-19 20:29:45,723] logger_util.py->logs line:73 [INFO] 请求路径：https://api.apiopen.top/getWangYiNews
[2021-12-19 20:29:45,723] logger_util.py->logs line:73 [INFO] 请求data参数：{'page': 1, 'count': 5}
[2021-12-19 20:29:45,950] logger_util.py->logs line:73 [INFO] 预期结果：[{'equals': {'status_code': 200}}]
[2021-12-19 20:29:45,950] logger_util.py->logs line:73 [INFO] 实际结果：{'code': 200, 'message': '成功!', 'result': [{'path': 'https://www.163.com/dy/article/G1OBC8LO0514BCL4.html', 'image': 'http://dingyue.ws.126.net/2021/0201/b63f2e50j00qntwfh0020c000hs00npg.jpg?imageView&thumbnail=140y88&quality=85', 'title': '被指偷拿半卷卫生纸 63岁女洗碗工服药自杀 酒店回应', 'passtime': '2021-02-02 10:00:51'}, {'path': 'https://www.163.com/dy/article/G1O1Q9Q2053469M5.html', 'image': 'http://cms-bucket.ws.126.net/2021/0201/9860dbd3p00qntxlo00iqc000s600e3c.png?imageView&thumbnail=140y88&quality=85', 'title': '警方通报＂19岁女大学生学车后失联＂:已遇害 全力侦办', 'passtime': '2021-02-02 10:00:51'}, {'path': 'https://news.163.com/21/0201/10/G1OAFSJR0001899O.html', 'image': 'http://cms-bucket.ws.126.net/2021/0201/9c211c79p00qnu1ff00h8c000s600e3c.png?imageView&thumbnail=140y88&quality=85', 'title': '缅军方接管政权 副总统敏瑞任代总统 白宫紧急回应', 'passtime': '2021-02-02 10:00:51'}, {'path': 'https://www.163.com/dy/article/G1QQ2KIT051482MP.html', 'image': 'http://bjnewsrec-cv.ws.126.net/little61377fe4179p00qnvo3n00ded200u000fwg00it009y.jpg?imageView&thumbnail=140y88&quality=85', 'title': '孙小果母亲讲述经历：＂我老公从没有没办成的事儿＂', 'passtime': '2021-02-02 10:00:50'}, {'path': 'https://www.163.com/dy/article/G1QLGSGT0514BE2Q.html', 'image': 'http://dingyue.ws.126.net/2021/0202/25b0f9dcj00qnvkdk002fc000u000k3m.jpg?imageView&thumbnail=140y88&quality=85', 'title': '安徽名酒产地地下水告急：打井五六百米才出水', 'passtime': '2021-02-02 10:00:50'}]}
[2021-12-19 20:29:45,950] logger_util.py->logs line:73 [INFO] 接口测试成功
[2021-12-19 20:29:45,950] logger_util.py->logs line:73 [INFO] ----------接口测试结束----------

[2021-12-19 20:29:45,956] logger_util.py->logs line:73 [INFO] ----------接口测试开始----------
[2021-12-19 20:29:45,958] logger_util.py->logs line:73 [INFO] 接口名称：测试MD5加密接口
[2021-12-19 20:29:45,958] logger_util.py->logs line:73 [INFO] 请求方式：post
[2021-12-19 20:29:45,958] logger_util.py->logs line:73 [INFO] 请求路径：http://127.0.0.1:5000/md5login
[2021-12-19 20:29:45,958] logger_util.py->logs line:73 [INFO] 请求data参数：{'username': '21232F297A57A5A743894A0E4A801FC3', 'password': '202CB962AC59075B964B07152D234B70'}
[2021-12-19 20:29:45,972] logger_util.py->logs line:73 [INFO] 预期结果：[{'equals': {'status_code': 200}}, {'equals': {'message': 'success'}}]
[2021-12-19 20:29:45,973] logger_util.py->logs line:73 [INFO] 实际结果：{'message': 'success'}
[2021-12-19 20:29:45,974] logger_util.py->logs line:73 [INFO] 接口测试成功
[2021-12-19 20:29:45,974] logger_util.py->logs line:73 [INFO] ----------接口测试结束----------

[2021-12-19 20:29:45,979] logger_util.py->logs line:73 [INFO] ----------接口测试开始----------
[2021-12-19 20:29:45,981] logger_util.py->logs line:73 [INFO] 接口名称：测试Base64加密接口
[2021-12-19 20:29:45,982] logger_util.py->logs line:73 [INFO] 请求方式：post
[2021-12-19 20:29:45,982] logger_util.py->logs line:73 [INFO] 请求路径：http://127.0.0.1:5000/base64login
[2021-12-19 20:29:45,982] logger_util.py->logs line:73 [INFO] 请求data参数：{'username': 'YWRTAW4=', 'password': 'MTIZ'}
[2021-12-19 20:29:46,009] logger_util.py->logs line:73 [INFO] 预期结果：[{'equals': {'status_code': 200}}, {'equals': {'message': 'success'}}]
[2021-12-19 20:29:46,009] logger_util.py->logs line:73 [INFO] 实际结果：{'message': 'success'}
[2021-12-19 20:29:46,009] logger_util.py->logs line:73 [INFO] 接口测试成功
[2021-12-19 20:29:46,010] logger_util.py->logs line:73 [INFO] ----------接口测试结束----------

